C:\Users\letai\source\repos\heroes-az\dist\out-tsc\app\app.component.js
C:\Users\letai\source\repos\heroes-az\dist\out-tsc\app\app.component.js.map
C:\Users\letai\source\repos\heroes-az\dist\out-tsc\app\hero.js
C:\Users\letai\source\repos\heroes-az\dist\out-tsc\app\hero.js.map
C:\Users\letai\source\repos\heroes-az\dist\out-tsc\app\hero.service.js
C:\Users\letai\source\repos\heroes-az\dist\out-tsc\app\hero.service.js.map
C:\Users\letai\source\repos\heroes-az\dist\out-tsc\app\heroes.component.js
C:\Users\letai\source\repos\heroes-az\dist\out-tsc\app\heroes.component.js.map
C:\Users\letai\source\repos\heroes-az\dist\out-tsc\app\app.module.js
C:\Users\letai\source\repos\heroes-az\dist\out-tsc\app\app.module.js.map
C:\Users\letai\source\repos\heroes-az\dist\out-tsc\environments\environment.js
C:\Users\letai\source\repos\heroes-az\dist\out-tsc\environments\environment.js.map
C:\Users\letai\source\repos\heroes-az\dist\out-tsc\main.js
C:\Users\letai\source\repos\heroes-az\dist\out-tsc\main.js.map
C:\Users\letai\source\repos\heroes-az\dist\out-tsc\polyfills.js
C:\Users\letai\source\repos\heroes-az\dist\out-tsc\polyfills.js.map
C:\Users\letai\source\repos\heroes-az\dist\out-tsc\app\hero.service.spec.js
C:\Users\letai\source\repos\heroes-az\dist\out-tsc\app\hero.service.spec.js.map
C:\Users\letai\source\repos\heroes-az\dist\out-tsc\app\heroes.component.spec.js
C:\Users\letai\source\repos\heroes-az\dist\out-tsc\app\heroes.component.spec.js.map
C:\Users\letai\source\repos\heroes-az\dist\out-tsc\environments\environment.prod.js
C:\Users\letai\source\repos\heroes-az\dist\out-tsc\environments\environment.prod.js.map
